<?xml version="1.0" encoding="UTF-8"?>
<testng-results ignored="0" total="1" passed="1" failed="0" skipped="0">
  <reporter-output>
  </reporter-output>
  <suite started-at="2024-08-02T10:58:24 IST" name="Default suite" finished-at="2024-08-02T10:58:30 IST" duration-ms="5895">
    <groups>
    </groups>
    <test started-at="2024-08-02T10:58:24 IST" name="Default test" finished-at="2024-08-02T10:58:30 IST" duration-ms="5895">
      <class name="package1.Frames">
        <test-method signature="framesPractice()[pri:0, instance:package1.Frames@4b0b0854]" started-at="2024-08-02T10:58:24 IST" name="framesPractice" finished-at="2024-08-02T10:58:30 IST" duration-ms="5879" status="PASS">
          <reporter-output>
          </reporter-output>
        </test-method> <!-- framesPractice -->
      </class> <!-- package1.Frames -->
    </test> <!-- Default test -->
  </suite> <!-- Default suite -->
</testng-results>
